Analysis & Synthesis report for ee371lab4
Mon Feb 22 15:43:12 2016
Quartus II 64-Bit Version 14.0.0 Build 200 06/17/2014 SJ Web Edition


---------------------
; Table of Contents ;
---------------------
  1. Legal Notice
  2. Analysis & Synthesis Summary
  3. Analysis & Synthesis Settings
  4. Parallel Compilation
  5. Analysis & Synthesis Messages
  6. Analysis & Synthesis Suppressed Messages



----------------
; Legal Notice ;
----------------
Copyright (C) 1991-2014 Altera Corporation. All rights reserved.
Your use of Altera Corporation's design tools, logic functions 
and other software and tools, and its AMPP partner logic 
functions, and any output files from any of the foregoing 
(including device programming or simulation files), and any 
associated documentation or information are expressly subject 
to the terms and conditions of the Altera Program License 
Subscription Agreement, the Altera Quartus II License Agreement,
the Altera MegaCore Function License Agreement, or other 
applicable license agreement, including, without limitation, 
that your use is for the sole purpose of programming logic 
devices manufactured by Altera and sold by Altera or its 
authorized distributors.  Please refer to the applicable 
agreement for further details.



+--------------------------------------------------------------------------+
; Analysis & Synthesis Summary                                             ;
+-----------------------------+--------------------------------------------+
; Analysis & Synthesis Status ; Failed - Mon Feb 22 15:43:12 2016          ;
; Quartus II 64-Bit Version   ; 14.0.0 Build 200 06/17/2014 SJ Web Edition ;
; Revision Name               ; ee371lab4                                  ;
; Top-level Entity Name       ; DE1_SoC                                    ;
; Family                      ; Cyclone V                                  ;
; Logic utilization (in ALMs) ; N/A until Partition Merge                  ;
; Total registers             ; N/A until Partition Merge                  ;
; Total pins                  ; N/A until Partition Merge                  ;
; Total virtual pins          ; N/A until Partition Merge                  ;
; Total block memory bits     ; N/A until Partition Merge                  ;
; Total PLLs                  ; N/A until Partition Merge                  ;
; Total DLLs                  ; N/A until Partition Merge                  ;
+-----------------------------+--------------------------------------------+


+---------------------------------------------------------------------------------------------------------------------------+
; Analysis & Synthesis Settings                                                                                             ;
+---------------------------------------------------------------------------------+--------------------+--------------------+
; Option                                                                          ; Setting            ; Default Value      ;
+---------------------------------------------------------------------------------+--------------------+--------------------+
; Device                                                                          ; 5CSEMA5F31C6       ;                    ;
; Top-level entity name                                                           ; DE1_SoC            ; ee371lab4          ;
; Family name                                                                     ; Cyclone V          ; Cyclone IV GX      ;
; Use smart compilation                                                           ; Off                ; Off                ;
; Enable parallel Assembler and TimeQuest Timing Analyzer during compilation      ; On                 ; On                 ;
; Enable compact report table                                                     ; Off                ; Off                ;
; Restructure Multiplexers                                                        ; Auto               ; Auto               ;
; MLAB Add Timing Constraints For Mixed-Port Feed-Through Mode Setting Don't Care ; Off                ; Off                ;
; Create Debugging Nodes for IP Cores                                             ; Off                ; Off                ;
; Preserve fewer node names                                                       ; On                 ; On                 ;
; Disable OpenCore Plus hardware evaluation                                       ; Off                ; Off                ;
; Verilog Version                                                                 ; Verilog_2001       ; Verilog_2001       ;
; VHDL Version                                                                    ; VHDL_1993          ; VHDL_1993          ;
; State Machine Processing                                                        ; Auto               ; Auto               ;
; Safe State Machine                                                              ; Off                ; Off                ;
; Extract Verilog State Machines                                                  ; On                 ; On                 ;
; Extract VHDL State Machines                                                     ; On                 ; On                 ;
; Ignore Verilog initial constructs                                               ; Off                ; Off                ;
; Iteration limit for constant Verilog loops                                      ; 5000               ; 5000               ;
; Iteration limit for non-constant Verilog loops                                  ; 250                ; 250                ;
; Add Pass-Through Logic to Inferred RAMs                                         ; On                 ; On                 ;
; Infer RAMs from Raw Logic                                                       ; On                 ; On                 ;
; Parallel Synthesis                                                              ; On                 ; On                 ;
; DSP Block Balancing                                                             ; Auto               ; Auto               ;
; NOT Gate Push-Back                                                              ; On                 ; On                 ;
; Power-Up Don't Care                                                             ; On                 ; On                 ;
; Remove Redundant Logic Cells                                                    ; Off                ; Off                ;
; Remove Duplicate Registers                                                      ; On                 ; On                 ;
; Ignore CARRY Buffers                                                            ; Off                ; Off                ;
; Ignore CASCADE Buffers                                                          ; Off                ; Off                ;
; Ignore GLOBAL Buffers                                                           ; Off                ; Off                ;
; Ignore ROW GLOBAL Buffers                                                       ; Off                ; Off                ;
; Ignore LCELL Buffers                                                            ; Off                ; Off                ;
; Ignore SOFT Buffers                                                             ; On                 ; On                 ;
; Limit AHDL Integers to 32 Bits                                                  ; Off                ; Off                ;
; Optimization Technique                                                          ; Balanced           ; Balanced           ;
; Carry Chain Length                                                              ; 70                 ; 70                 ;
; Auto Carry Chains                                                               ; On                 ; On                 ;
; Auto Open-Drain Pins                                                            ; On                 ; On                 ;
; Perform WYSIWYG Primitive Resynthesis                                           ; Off                ; Off                ;
; Auto ROM Replacement                                                            ; On                 ; On                 ;
; Auto RAM Replacement                                                            ; On                 ; On                 ;
; Auto DSP Block Replacement                                                      ; On                 ; On                 ;
; Auto Shift Register Replacement                                                 ; Auto               ; Auto               ;
; Allow Shift Register Merging across Hierarchies                                 ; Auto               ; Auto               ;
; Auto Clock Enable Replacement                                                   ; On                 ; On                 ;
; Strict RAM Replacement                                                          ; Off                ; Off                ;
; Allow Synchronous Control Signals                                               ; On                 ; On                 ;
; Force Use of Synchronous Clear Signals                                          ; Off                ; Off                ;
; Auto Resource Sharing                                                           ; Off                ; Off                ;
; Allow Any RAM Size For Recognition                                              ; Off                ; Off                ;
; Allow Any ROM Size For Recognition                                              ; Off                ; Off                ;
; Allow Any Shift Register Size For Recognition                                   ; Off                ; Off                ;
; Use LogicLock Constraints during Resource Balancing                             ; On                 ; On                 ;
; Ignore translate_off and synthesis_off directives                               ; Off                ; Off                ;
; Timing-Driven Synthesis                                                         ; On                 ; On                 ;
; Report Parameter Settings                                                       ; On                 ; On                 ;
; Report Source Assignments                                                       ; On                 ; On                 ;
; Report Connectivity Checks                                                      ; On                 ; On                 ;
; Ignore Maximum Fan-Out Assignments                                              ; Off                ; Off                ;
; Synchronization Register Chain Length                                           ; 3                  ; 3                  ;
; PowerPlay Power Optimization                                                    ; Normal compilation ; Normal compilation ;
; HDL message level                                                               ; Level2             ; Level2             ;
; Suppress Register Optimization Related Messages                                 ; Off                ; Off                ;
; Number of Removed Registers Reported in Synthesis Report                        ; 5000               ; 5000               ;
; Number of Swept Nodes Reported in Synthesis Report                              ; 5000               ; 5000               ;
; Number of Inverted Registers Reported in Synthesis Report                       ; 100                ; 100                ;
; Clock MUX Protection                                                            ; On                 ; On                 ;
; Auto Gated Clock Conversion                                                     ; Off                ; Off                ;
; Block Design Naming                                                             ; Auto               ; Auto               ;
; SDC constraint protection                                                       ; Off                ; Off                ;
; Synthesis Effort                                                                ; Auto               ; Auto               ;
; Shift Register Replacement - Allow Asynchronous Clear Signal                    ; On                 ; On                 ;
; Pre-Mapping Resynthesis Optimization                                            ; Off                ; Off                ;
; Analysis & Synthesis Message Level                                              ; Medium             ; Medium             ;
; Disable Register Merging Across Hierarchies                                     ; Auto               ; Auto               ;
; Resource Aware Inference For Block RAM                                          ; On                 ; On                 ;
; Synthesis Seed                                                                  ; 1                  ; 1                  ;
; Automatic Parallel Synthesis                                                    ; On                 ; On                 ;
; Partial Reconfiguration Bitstream ID                                            ; Off                ; Off                ;
+---------------------------------------------------------------------------------+--------------------+--------------------+


+------------------------------------------+
; Parallel Compilation                     ;
+----------------------------+-------------+
; Processors                 ; Number      ;
+----------------------------+-------------+
; Number detected on machine ; 8           ;
; Maximum allowed            ; 4           ;
;                            ;             ;
; Average used               ; 1.00        ;
; Maximum used               ; 1           ;
;                            ;             ;
; Usage by Processor         ; % Time Used ;
;     Processor 1            ; 100.0%      ;
;     Processors 2-8         ;   0.0%      ;
+----------------------------+-------------+


+-------------------------------+
; Analysis & Synthesis Messages ;
+-------------------------------+
Info: *******************************************************************
Info: Running Quartus II 64-Bit Analysis & Synthesis
    Info: Version 14.0.0 Build 200 06/17/2014 SJ Web Edition
    Info: Processing started: Mon Feb 22 15:42:46 2016
Info: Command: quartus_map --read_settings_files=on --write_settings_files=off ee371lab4 -c ee371lab4
Info (11104): Parallel Compilation has detected 8 hyper-threaded processors. However, the extra hyper-threaded processors will not be used by default. Parallel Compilation will use 4 of the 4 physical processors detected instead.
Info (12248): Elaborating Qsys system entity "nios_system.qsys"
Info (12250): 2016.02.22.15:42:49 Progress: Loading Microprocessor/nios_system.qsys
Info (12250): 2016.02.22.15:42:49 Progress: Reading input file
Info (12250): 2016.02.22.15:42:49 Progress: Adding clk_0 [clock_source 14.0]
Info (12250): 2016.02.22.15:42:50 Progress: Parameterizing module clk_0
Info (12250): 2016.02.22.15:42:50 Progress: Adding cpu [altera_nios2_qsys 14.0]
Info (12250): 2016.02.22.15:42:50 Progress: Parameterizing module cpu
Info (12250): 2016.02.22.15:42:50 Progress: Adding onchip_memory2_0 [altera_avalon_onchip_memory2 14.0]
Info (12250): 2016.02.22.15:42:50 Progress: Parameterizing module onchip_memory2_0
Info (12250): 2016.02.22.15:42:50 Progress: Adding LEDR [altera_avalon_pio 14.0]
Info (12250): 2016.02.22.15:42:50 Progress: Parameterizing module LEDR
Info (12250): 2016.02.22.15:42:50 Progress: Adding jtag_uart_0 [altera_avalon_jtag_uart 14.0]
Info (12250): 2016.02.22.15:42:50 Progress: Parameterizing module jtag_uart_0
Info (12250): 2016.02.22.15:42:50 Progress: Adding ParallelToProcessor [altera_avalon_pio 14.0]
Info (12250): 2016.02.22.15:42:50 Progress: Parameterizing module ParallelToProcessor
Info (12250): 2016.02.22.15:42:50 Progress: Adding sys_clk_timer [altera_avalon_timer 14.0]
Info (12250): 2016.02.22.15:42:51 Progress: Parameterizing module sys_clk_timer
Info (12250): 2016.02.22.15:42:51 Progress: Adding ParallelFromProcessor [altera_avalon_pio 14.0]
Info (12250): 2016.02.22.15:42:51 Progress: Parameterizing module ParallelFromProcessor
Info (12250): 2016.02.22.15:42:51 Progress: Adding TransmitEnable [altera_avalon_pio 14.0]
Info (12250): 2016.02.22.15:42:51 Progress: Parameterizing module TransmitEnable
Info (12250): 2016.02.22.15:42:51 Progress: Adding CharacterSent [altera_avalon_pio 14.0]
Info (12250): 2016.02.22.15:42:51 Progress: Parameterizing module CharacterSent
Info (12250): 2016.02.22.15:42:51 Progress: Adding Load [altera_avalon_pio 14.0]
Info (12250): 2016.02.22.15:42:51 Progress: Parameterizing module Load
Info (12250): 2016.02.22.15:42:51 Progress: Adding CharacterReceived [altera_avalon_pio 14.0]
Info (12250): 2016.02.22.15:42:51 Progress: Parameterizing module CharacterReceived
Info (12250): 2016.02.22.15:42:51 Progress: Building connections
Info (12250): 2016.02.22.15:42:51 Progress: Parameterizing connections
Info (12250): 2016.02.22.15:42:51 Progress: Validating
Info (12250): 2016.02.22.15:42:52 Progress: Done reading input file
Info (12250): Nios_system.cpu: Please note that for early evaluation, preview versions of new Nios II Gen2 Processors are available with this release.
Info (12250): Nios_system.ParallelToProcessor: PIO inputs are not hardwired in test bench. Undefined values will be read from PIO inputs during simulation.
Info (12250): Nios_system.CharacterReceived: PIO inputs are not hardwired in test bench. Undefined values will be read from PIO inputs during simulation.
Info (12250): Nios_system: Generating nios_system "nios_system" for QUARTUS_SYNTH
Info (12250): Cpu: Starting RTL generation for module 'nios_system_cpu'
Info (12250): Cpu:   Generation command is [exec C:/altera/14.0/quartus/bin64/eperlcmd.exe -I C:/altera/14.0/quartus/bin64/perl/lib -I C:/altera/14.0/quartus/sopc_builder/bin/europa -I C:/altera/14.0/quartus/sopc_builder/bin/perl_lib -I C:/altera/14.0/quartus/sopc_builder/bin -I C:/altera/14.0/quartus/../ip/altera/nios2_ip/altera_nios2/cpu_lib -I C:/altera/14.0/quartus/../ip/altera/nios2_ip/altera_nios2/nios_lib -I C:/altera/14.0/quartus/../ip/altera/nios2_ip/altera_nios2 -I C:/altera/14.0/quartus/../ip/altera/nios2_ip/altera_nios2 -- C:/altera/14.0/quartus/../ip/altera/nios2_ip/altera_nios2/generate_rtl.epl --name=nios_system_cpu --dir=C:/Users/BRYANB~1/AppData/Local/Temp/alt6853_2192146064402898303.dir/0001_cpu_gen/ --quartus_bindir=C:/altera/14.0/quartus/bin64 --verilog --config=C:/Users/BRYANB~1/AppData/Local/Temp/alt6853_2192146064402898303.dir/0001_cpu_gen//nios_system_cpu_processor_configuration.pl  --do_build_sim=0  ]
Info (12250): Cpu: # 2016.02.22 15:43:01 (*) Starting Nios II generation
Info (12250): Cpu: # 2016.02.22 15:43:01 (*)   Checking for plaintext license.
Info (12250): Cpu: # 2016.02.22 15:43:02 (*)   Couldn't query license setup in Quartus directory C:/altera/14.0/quartus/bin64
Info (12250): Cpu: # 2016.02.22 15:43:02 (*)   Defaulting to contents of LM_LICENSE_FILE environment variable
Info (12250): Cpu: # 2016.02.22 15:43:02 (*)   LM_LICENSE_FILE environment variable is empty
Info (12250): Cpu: # 2016.02.22 15:43:02 (*)   Plaintext license not found.
Info (12250): Cpu: # 2016.02.22 15:43:02 (*)   No license required to generate encrypted Nios II/e.
Info (12250): Cpu: # 2016.02.22 15:43:02 (*)   Elaborating CPU configuration settings
Info (12250): Cpu: # 2016.02.22 15:43:03 (*)   Creating all objects for CPU
Info (12250): Cpu: # 2016.02.22 15:43:04 (*)   Generating RTL from CPU objects
Info (12250): Cpu: # 2016.02.22 15:43:04 (*)   Creating plain-text RTL
Info (12250): Cpu: # 2016.02.22 15:43:06 (*) Done Nios II generation
Info (12250): Cpu: Done RTL generation for module 'nios_system_cpu'
Info (12250): Cpu: "nios_system" instantiated altera_nios2_qsys "cpu"
Info (12250): Onchip_memory2_0: Starting RTL generation for module 'nios_system_onchip_memory2_0'
Info (12250): Onchip_memory2_0:   Generation command is [exec C:/altera/14.0/quartus/bin64/perl/bin/perl.exe -I C:/altera/14.0/quartus/bin64/perl/lib -I C:/altera/14.0/quartus/sopc_builder/bin/europa -I C:/altera/14.0/quartus/sopc_builder/bin/perl_lib -I C:/altera/14.0/quartus/sopc_builder/bin -I C:/altera/14.0/quartus/../ip/altera/sopc_builder_ip/common -I C:/altera/14.0/quartus/../ip/altera/sopc_builder_ip/altera_avalon_onchip_memory2 -- C:/altera/14.0/quartus/../ip/altera/sopc_builder_ip/altera_avalon_onchip_memory2/generate_rtl.pl --name=nios_system_onchip_memory2_0 --dir=C:/Users/BRYANB~1/AppData/Local/Temp/alt6853_2192146064402898303.dir/0002_onchip_memory2_0_gen/ --quartus_dir=C:/altera/14.0/quartus --verilog --config=C:/Users/BRYANB~1/AppData/Local/Temp/alt6853_2192146064402898303.dir/0002_onchip_memory2_0_gen//nios_system_onchip_memory2_0_component_configuration.pl  --do_build_sim=0  ]
Info (12250): Onchip_memory2_0: Done RTL generation for module 'nios_system_onchip_memory2_0'
Info (12250): Onchip_memory2_0: "nios_system" instantiated altera_avalon_onchip_memory2 "onchip_memory2_0"
Info (12250): LEDR: Starting RTL generation for module 'nios_system_LEDR'
Info (12250): LEDR:   Generation command is [exec C:/altera/14.0/quartus/bin64/perl/bin/perl.exe -I C:/altera/14.0/quartus/bin64/perl/lib -I C:/altera/14.0/quartus/sopc_builder/bin/europa -I C:/altera/14.0/quartus/sopc_builder/bin/perl_lib -I C:/altera/14.0/quartus/sopc_builder/bin -I C:/altera/14.0/quartus/../ip/altera/sopc_builder_ip/common -I C:/altera/14.0/quartus/../ip/altera/sopc_builder_ip/altera_avalon_pio -- C:/altera/14.0/quartus/../ip/altera/sopc_builder_ip/altera_avalon_pio/generate_rtl.pl --name=nios_system_LEDR --dir=C:/Users/BRYANB~1/AppData/Local/Temp/alt6853_2192146064402898303.dir/0003_LEDR_gen/ --quartus_dir=C:/altera/14.0/quartus --verilog --config=C:/Users/BRYANB~1/AppData/Local/Temp/alt6853_2192146064402898303.dir/0003_LEDR_gen//nios_system_LEDR_component_configuration.pl  --do_build_sim=0  ]
Info (12250): LEDR: Done RTL generation for module 'nios_system_LEDR'
Info (12250): LEDR: "nios_system" instantiated altera_avalon_pio "LEDR"
Info (12250): Jtag_uart_0: Starting RTL generation for module 'nios_system_jtag_uart_0'
Info (12250): Jtag_uart_0:   Generation command is [exec C:/altera/14.0/quartus/bin64/perl/bin/perl.exe -I C:/altera/14.0/quartus/bin64/perl/lib -I C:/altera/14.0/quartus/sopc_builder/bin/europa -I C:/altera/14.0/quartus/sopc_builder/bin/perl_lib -I C:/altera/14.0/quartus/sopc_builder/bin -I C:/altera/14.0/quartus/../ip/altera/sopc_builder_ip/common -I C:/altera/14.0/quartus/../ip/altera/sopc_builder_ip/altera_avalon_jtag_uart -- C:/altera/14.0/quartus/../ip/altera/sopc_builder_ip/altera_avalon_jtag_uart/generate_rtl.pl --name=nios_system_jtag_uart_0 --dir=C:/Users/BRYANB~1/AppData/Local/Temp/alt6853_2192146064402898303.dir/0004_jtag_uart_0_gen/ --quartus_dir=C:/altera/14.0/quartus --verilog --config=C:/Users/BRYANB~1/AppData/Local/Temp/alt6853_2192146064402898303.dir/0004_jtag_uart_0_gen//nios_system_jtag_uart_0_component_configuration.pl  --do_build_sim=0  ]
Info (12250): Jtag_uart_0: Done RTL generation for module 'nios_system_jtag_uart_0'
Info (12250): Jtag_uart_0: "nios_system" instantiated altera_avalon_jtag_uart "jtag_uart_0"
Info (12250): ParallelToProcessor: Starting RTL generation for module 'nios_system_ParallelToProcessor'
Info (12250): ParallelToProcessor:   Generation command is [exec C:/altera/14.0/quartus/bin64/perl/bin/perl.exe -I C:/altera/14.0/quartus/bin64/perl/lib -I C:/altera/14.0/quartus/sopc_builder/bin/europa -I C:/altera/14.0/quartus/sopc_builder/bin/perl_lib -I C:/altera/14.0/quartus/sopc_builder/bin -I C:/altera/14.0/quartus/../ip/altera/sopc_builder_ip/common -I C:/altera/14.0/quartus/../ip/altera/sopc_builder_ip/altera_avalon_pio -- C:/altera/14.0/quartus/../ip/altera/sopc_builder_ip/altera_avalon_pio/generate_rtl.pl --name=nios_system_ParallelToProcessor --dir=C:/Users/BRYANB~1/AppData/Local/Temp/alt6853_2192146064402898303.dir/0005_ParallelToProcessor_gen/ --quartus_dir=C:/altera/14.0/quartus --verilog --config=C:/Users/BRYANB~1/AppData/Local/Temp/alt6853_2192146064402898303.dir/0005_ParallelToProcessor_gen//nios_system_ParallelToProcessor_component_configuration.pl  --do_build_sim=0  ]
Info (12250): ParallelToProcessor: Done RTL generation for module 'nios_system_ParallelToProcessor'
Info (12250): ParallelToProcessor: "nios_system" instantiated altera_avalon_pio "ParallelToProcessor"
Info (12250): TransmitEnable: Starting RTL generation for module 'nios_system_TransmitEnable'
Info (12250): TransmitEnable:   Generation command is [exec C:/altera/14.0/quartus/bin64/perl/bin/perl.exe -I C:/altera/14.0/quartus/bin64/perl/lib -I C:/altera/14.0/quartus/sopc_builder/bin/europa -I C:/altera/14.0/quartus/sopc_builder/bin/perl_lib -I C:/altera/14.0/quartus/sopc_builder/bin -I C:/altera/14.0/quartus/../ip/altera/sopc_builder_ip/common -I C:/altera/14.0/quartus/../ip/altera/sopc_builder_ip/altera_avalon_pio -- C:/altera/14.0/quartus/../ip/altera/sopc_builder_ip/altera_avalon_pio/generate_rtl.pl --name=nios_system_TransmitEnable --dir=C:/Users/BRYANB~1/AppData/Local/Temp/alt6853_2192146064402898303.dir/0006_TransmitEnable_gen/ --quartus_dir=C:/altera/14.0/quartus --verilog --config=C:/Users/BRYANB~1/AppData/Local/Temp/alt6853_2192146064402898303.dir/0006_TransmitEnable_gen//nios_system_TransmitEnable_component_configuration.pl  --do_build_sim=0  ]
Info (12250): TransmitEnable: Done RTL generation for module 'nios_system_TransmitEnable'
Info (12250): TransmitEnable: "nios_system" instantiated altera_avalon_pio "TransmitEnable"
Info (12250): CharacterReceived: Starting RTL generation for module 'nios_system_CharacterReceived'
Info (12250): CharacterReceived:   Generation command is [exec C:/altera/14.0/quartus/bin64/perl/bin/perl.exe -I C:/altera/14.0/quartus/bin64/perl/lib -I C:/altera/14.0/quartus/sopc_builder/bin/europa -I C:/altera/14.0/quartus/sopc_builder/bin/perl_lib -I C:/altera/14.0/quartus/sopc_builder/bin -I C:/altera/14.0/quartus/../ip/altera/sopc_builder_ip/common -I C:/altera/14.0/quartus/../ip/altera/sopc_builder_ip/altera_avalon_pio -- C:/altera/14.0/quartus/../ip/altera/sopc_builder_ip/altera_avalon_pio/generate_rtl.pl --name=nios_system_CharacterReceived --dir=C:/Users/BRYANB~1/AppData/Local/Temp/alt6853_2192146064402898303.dir/0007_CharacterReceived_gen/ --quartus_dir=C:/altera/14.0/quartus --verilog --config=C:/Users/BRYANB~1/AppData/Local/Temp/alt6853_2192146064402898303.dir/0007_CharacterReceived_gen//nios_system_CharacterReceived_component_configuration.pl  --do_build_sim=0  ]
Info (12250): CharacterReceived: Done RTL generation for module 'nios_system_CharacterReceived'
Info (12250): CharacterReceived: "nios_system" instantiated altera_avalon_pio "CharacterReceived"
Info (12250): Mm_interconnect_0: "nios_system" instantiated altera_mm_interconnect "mm_interconnect_0"
Info (12250): Irq_mapper: "nios_system" instantiated altera_irq_mapper "irq_mapper"
Info (12250): Rst_controller: "nios_system" instantiated altera_reset_controller "rst_controller"
Info (12250): Cpu_instruction_master_translator: "mm_interconnect_0" instantiated altera_merlin_master_translator "cpu_instruction_master_translator"
Info (12250): Cpu_jtag_debug_module_translator: "mm_interconnect_0" instantiated altera_merlin_slave_translator "cpu_jtag_debug_module_translator"
Info (12250): Cpu_instruction_master_agent: "mm_interconnect_0" instantiated altera_merlin_master_agent "cpu_instruction_master_agent"
Info (12250): Cpu_jtag_debug_module_agent: "mm_interconnect_0" instantiated altera_merlin_slave_agent "cpu_jtag_debug_module_agent"
Info (12250): Cpu_jtag_debug_module_agent_rsp_fifo: "mm_interconnect_0" instantiated altera_avalon_sc_fifo "cpu_jtag_debug_module_agent_rsp_fifo"
Info (12250): Router: "mm_interconnect_0" instantiated altera_merlin_router "router"
Info (12250): Router_001: "mm_interconnect_0" instantiated altera_merlin_router "router_001"
Info (12250): Router_002: "mm_interconnect_0" instantiated altera_merlin_router "router_002"
Info (12250): Router_004: "mm_interconnect_0" instantiated altera_merlin_router "router_004"
Info (12250): Cmd_demux: "mm_interconnect_0" instantiated altera_merlin_demultiplexer "cmd_demux"
Info (12250): Cmd_demux_001: "mm_interconnect_0" instantiated altera_merlin_demultiplexer "cmd_demux_001"
Info (12250): Cmd_mux: "mm_interconnect_0" instantiated altera_merlin_multiplexer "cmd_mux"
Info (12250): Cmd_mux_002: "mm_interconnect_0" instantiated altera_merlin_multiplexer "cmd_mux_002"
Info (12250): Reusing file C:/altera/14.0/quartus/qdesigns/371Project4/Microprocessor/db/ip/nios_system/submodules/altera_merlin_arbitrator.sv
Info (12250): Rsp_demux_002: "mm_interconnect_0" instantiated altera_merlin_demultiplexer "rsp_demux_002"
Info (12250): Rsp_mux: "mm_interconnect_0" instantiated altera_merlin_multiplexer "rsp_mux"
Info (12250): Reusing file C:/altera/14.0/quartus/qdesigns/371Project4/Microprocessor/db/ip/nios_system/submodules/altera_merlin_arbitrator.sv
Info (12250): Rsp_mux_001: "mm_interconnect_0" instantiated altera_merlin_multiplexer "rsp_mux_001"
Info (12250): Reusing file C:/altera/14.0/quartus/qdesigns/371Project4/Microprocessor/db/ip/nios_system/submodules/altera_merlin_arbitrator.sv
Info (12250): Nios_system: Done "nios_system" with 27 modules, 41 files
Info (12249): Finished elaborating Qsys system entity "nios_system.qsys"
Error (10054): Verilog HDL File I/O error at DE1_SoC.v(12): can't open Verilog Design File "Tserial_buffer.v" File: C:/altera/14.0/quartus/qdesigns/371Project4/Microprocessor/DE1_SoC.v Line: 12
Error (10054): Verilog HDL File I/O error at DE1_SoC.v(13): can't open Verilog Design File "PISO.v" File: C:/altera/14.0/quartus/qdesigns/371Project4/Microprocessor/DE1_SoC.v Line: 13
Error (10054): Verilog HDL File I/O error at DE1_SoC.v(14): can't open Verilog Design File "TstartBit.v" File: C:/altera/14.0/quartus/qdesigns/371Project4/Microprocessor/DE1_SoC.v Line: 14
Error (10054): Verilog HDL File I/O error at DE1_SoC.v(15): can't open Verilog Design File "TcharacterBitCount.v" File: C:/altera/14.0/quartus/qdesigns/371Project4/Microprocessor/DE1_SoC.v Line: 15
Error (10054): Verilog HDL File I/O error at DE1_SoC.v(17): can't open Verilog Design File "Rserial_buffer.v" File: C:/altera/14.0/quartus/qdesigns/371Project4/Microprocessor/DE1_SoC.v Line: 17
Error (10054): Verilog HDL File I/O error at DE1_SoC.v(18): can't open Verilog Design File "SIPO.v" File: C:/altera/14.0/quartus/qdesigns/371Project4/Microprocessor/DE1_SoC.v Line: 18
Error (10054): Verilog HDL File I/O error at DE1_SoC.v(19): can't open Verilog Design File "startBit.v" File: C:/altera/14.0/quartus/qdesigns/371Project4/Microprocessor/DE1_SoC.v Line: 19
Error (10054): Verilog HDL File I/O error at DE1_SoC.v(20): can't open Verilog Design File "characterBitCount.v" File: C:/altera/14.0/quartus/qdesigns/371Project4/Microprocessor/DE1_SoC.v Line: 20
Error (10112): Ignored design unit "DE1_SoC" at DE1_SoC.v(22) due to previous errors File: C:/altera/14.0/quartus/qdesigns/371Project4/Microprocessor/DE1_SoC.v Line: 22
Error (10112): Ignored design unit "clock_divider" at DE1_SoC.v(59) due to previous errors File: C:/altera/14.0/quartus/qdesigns/371Project4/Microprocessor/DE1_SoC.v Line: 59
Info (12021): Found 0 design units, including 0 entities, in source file de1_soc.v
Info (12021): Found 1 design units, including 1 entities, in source file db/ip/nios_system/nios_system.v
    Info (12023): Found entity 1: nios_system
Info (12021): Found 1 design units, including 1 entities, in source file db/ip/nios_system/submodules/altera_avalon_sc_fifo.v
    Info (12023): Found entity 1: altera_avalon_sc_fifo
Info (12021): Found 2 design units, including 2 entities, in source file db/ip/nios_system/submodules/altera_merlin_arbitrator.sv
    Info (12023): Found entity 1: altera_merlin_arbitrator
    Info (12023): Found entity 2: altera_merlin_arb_adder
Info (12021): Found 1 design units, including 1 entities, in source file db/ip/nios_system/submodules/altera_merlin_burst_uncompressor.sv
    Info (12023): Found entity 1: altera_merlin_burst_uncompressor
Info (12021): Found 1 design units, including 1 entities, in source file db/ip/nios_system/submodules/altera_merlin_master_agent.sv
    Info (12023): Found entity 1: altera_merlin_master_agent
Info (12021): Found 1 design units, including 1 entities, in source file db/ip/nios_system/submodules/altera_merlin_master_translator.sv
    Info (12023): Found entity 1: altera_merlin_master_translator
Info (12021): Found 1 design units, including 1 entities, in source file db/ip/nios_system/submodules/altera_merlin_slave_agent.sv
    Info (12023): Found entity 1: altera_merlin_slave_agent
Info (12021): Found 1 design units, including 1 entities, in source file db/ip/nios_system/submodules/altera_merlin_slave_translator.sv
    Info (12023): Found entity 1: altera_merlin_slave_translator
Info (12021): Found 1 design units, including 1 entities, in source file db/ip/nios_system/submodules/altera_reset_controller.v
    Info (12023): Found entity 1: altera_reset_controller
Info (12021): Found 1 design units, including 1 entities, in source file db/ip/nios_system/submodules/altera_reset_synchronizer.v
    Info (12023): Found entity 1: altera_reset_synchronizer
Info (12021): Found 1 design units, including 1 entities, in source file db/ip/nios_system/submodules/nios_system_characterreceived.v
    Info (12023): Found entity 1: nios_system_CharacterReceived
Info (12021): Found 1 design units, including 1 entities, in source file db/ip/nios_system/submodules/nios_system_ledr.v
    Info (12023): Found entity 1: nios_system_LEDR
Info (12021): Found 1 design units, including 1 entities, in source file db/ip/nios_system/submodules/nios_system_paralleltoprocessor.v
    Info (12023): Found entity 1: nios_system_ParallelToProcessor
Info (12021): Found 1 design units, including 1 entities, in source file db/ip/nios_system/submodules/nios_system_transmitenable.v
    Info (12023): Found entity 1: nios_system_TransmitEnable
Info (12021): Found 21 design units, including 21 entities, in source file db/ip/nios_system/submodules/nios_system_cpu.v
    Info (12023): Found entity 1: nios_system_cpu_register_bank_a_module
    Info (12023): Found entity 2: nios_system_cpu_register_bank_b_module
    Info (12023): Found entity 3: nios_system_cpu_nios2_oci_debug
    Info (12023): Found entity 4: nios_system_cpu_ociram_sp_ram_module
    Info (12023): Found entity 5: nios_system_cpu_nios2_ocimem
    Info (12023): Found entity 6: nios_system_cpu_nios2_avalon_reg
    Info (12023): Found entity 7: nios_system_cpu_nios2_oci_break
    Info (12023): Found entity 8: nios_system_cpu_nios2_oci_xbrk
    Info (12023): Found entity 9: nios_system_cpu_nios2_oci_dbrk
    Info (12023): Found entity 10: nios_system_cpu_nios2_oci_itrace
    Info (12023): Found entity 11: nios_system_cpu_nios2_oci_td_mode
    Info (12023): Found entity 12: nios_system_cpu_nios2_oci_dtrace
    Info (12023): Found entity 13: nios_system_cpu_nios2_oci_compute_input_tm_cnt
    Info (12023): Found entity 14: nios_system_cpu_nios2_oci_fifo_wrptr_inc
    Info (12023): Found entity 15: nios_system_cpu_nios2_oci_fifo_cnt_inc
    Info (12023): Found entity 16: nios_system_cpu_nios2_oci_fifo
    Info (12023): Found entity 17: nios_system_cpu_nios2_oci_pib
    Info (12023): Found entity 18: nios_system_cpu_nios2_oci_im
    Info (12023): Found entity 19: nios_system_cpu_nios2_performance_monitors
    Info (12023): Found entity 20: nios_system_cpu_nios2_oci
    Info (12023): Found entity 21: nios_system_cpu
Info (12021): Found 1 design units, including 1 entities, in source file db/ip/nios_system/submodules/nios_system_cpu_jtag_debug_module_sysclk.v
    Info (12023): Found entity 1: nios_system_cpu_jtag_debug_module_sysclk
Info (12021): Found 1 design units, including 1 entities, in source file db/ip/nios_system/submodules/nios_system_cpu_jtag_debug_module_tck.v
    Info (12023): Found entity 1: nios_system_cpu_jtag_debug_module_tck
Info (12021): Found 1 design units, including 1 entities, in source file db/ip/nios_system/submodules/nios_system_cpu_jtag_debug_module_wrapper.v
    Info (12023): Found entity 1: nios_system_cpu_jtag_debug_module_wrapper
Info (12021): Found 1 design units, including 1 entities, in source file db/ip/nios_system/submodules/nios_system_cpu_oci_test_bench.v
    Info (12023): Found entity 1: nios_system_cpu_oci_test_bench
Info (12021): Found 1 design units, including 1 entities, in source file db/ip/nios_system/submodules/nios_system_cpu_test_bench.v
    Info (12023): Found entity 1: nios_system_cpu_test_bench
Info (12021): Found 1 design units, including 1 entities, in source file db/ip/nios_system/submodules/nios_system_irq_mapper.sv
    Info (12023): Found entity 1: nios_system_irq_mapper
Info (12021): Found 5 design units, including 5 entities, in source file db/ip/nios_system/submodules/nios_system_jtag_uart_0.v
    Info (12023): Found entity 1: nios_system_jtag_uart_0_sim_scfifo_w
    Info (12023): Found entity 2: nios_system_jtag_uart_0_scfifo_w
    Info (12023): Found entity 3: nios_system_jtag_uart_0_sim_scfifo_r
    Info (12023): Found entity 4: nios_system_jtag_uart_0_scfifo_r
    Info (12023): Found entity 5: nios_system_jtag_uart_0
Info (12021): Found 1 design units, including 1 entities, in source file db/ip/nios_system/submodules/nios_system_mm_interconnect_0.v
    Info (12023): Found entity 1: nios_system_mm_interconnect_0
Info (12021): Found 1 design units, including 1 entities, in source file db/ip/nios_system/submodules/nios_system_mm_interconnect_0_cmd_demux.sv
    Info (12023): Found entity 1: nios_system_mm_interconnect_0_cmd_demux
Info (12021): Found 1 design units, including 1 entities, in source file db/ip/nios_system/submodules/nios_system_mm_interconnect_0_cmd_demux_001.sv
    Info (12023): Found entity 1: nios_system_mm_interconnect_0_cmd_demux_001
Info (12021): Found 1 design units, including 1 entities, in source file db/ip/nios_system/submodules/nios_system_mm_interconnect_0_cmd_mux.sv
    Info (12023): Found entity 1: nios_system_mm_interconnect_0_cmd_mux
Info (12021): Found 1 design units, including 1 entities, in source file db/ip/nios_system/submodules/nios_system_mm_interconnect_0_cmd_mux_002.sv
    Info (12023): Found entity 1: nios_system_mm_interconnect_0_cmd_mux_002
Info (12021): Found 2 design units, including 2 entities, in source file db/ip/nios_system/submodules/nios_system_mm_interconnect_0_router.sv
    Info (12023): Found entity 1: nios_system_mm_interconnect_0_router_default_decode
    Info (12023): Found entity 2: nios_system_mm_interconnect_0_router
Info (12021): Found 2 design units, including 2 entities, in source file db/ip/nios_system/submodules/nios_system_mm_interconnect_0_router_001.sv
    Info (12023): Found entity 1: nios_system_mm_interconnect_0_router_001_default_decode
    Info (12023): Found entity 2: nios_system_mm_interconnect_0_router_001
Info (12021): Found 2 design units, including 2 entities, in source file db/ip/nios_system/submodules/nios_system_mm_interconnect_0_router_002.sv
    Info (12023): Found entity 1: nios_system_mm_interconnect_0_router_002_default_decode
    Info (12023): Found entity 2: nios_system_mm_interconnect_0_router_002
Info (12021): Found 2 design units, including 2 entities, in source file db/ip/nios_system/submodules/nios_system_mm_interconnect_0_router_004.sv
    Info (12023): Found entity 1: nios_system_mm_interconnect_0_router_004_default_decode
    Info (12023): Found entity 2: nios_system_mm_interconnect_0_router_004
Info (12021): Found 1 design units, including 1 entities, in source file db/ip/nios_system/submodules/nios_system_mm_interconnect_0_rsp_demux_002.sv
    Info (12023): Found entity 1: nios_system_mm_interconnect_0_rsp_demux_002
Info (12021): Found 1 design units, including 1 entities, in source file db/ip/nios_system/submodules/nios_system_mm_interconnect_0_rsp_mux.sv
    Info (12023): Found entity 1: nios_system_mm_interconnect_0_rsp_mux
Info (12021): Found 1 design units, including 1 entities, in source file db/ip/nios_system/submodules/nios_system_mm_interconnect_0_rsp_mux_001.sv
    Info (12023): Found entity 1: nios_system_mm_interconnect_0_rsp_mux_001
Info (12021): Found 1 design units, including 1 entities, in source file db/ip/nios_system/submodules/nios_system_onchip_memory2_0.v
    Info (12023): Found entity 1: nios_system_onchip_memory2_0
Info (144001): Generated suppressed messages file C:/altera/14.0/quartus/qdesigns/371Project4/Microprocessor/output_files/ee371lab4.map.smsg
Error: Quartus II 64-Bit Analysis & Synthesis was unsuccessful. 10 errors, 0 warnings
    Error: Peak virtual memory: 593 megabytes
    Error: Processing ended: Mon Feb 22 15:43:12 2016
    Error: Elapsed time: 00:00:26
    Error: Total CPU time (on all processors): 00:00:37


+------------------------------------------+
; Analysis & Synthesis Suppressed Messages ;
+------------------------------------------+
The suppressed messages can be found in C:/altera/14.0/quartus/qdesigns/371Project4/Microprocessor/output_files/ee371lab4.map.smsg.


