
**** Build of configuration Nios II for project commInterface_bsp ****

make all 
      0 [main] pwd 15008 find_fast_cwd: WARNING: Couldn't compute FAST_CWD pointer.  Please report this problem to
the public mailing list cygwin@cygwin.com
      0 [main] sh 9072 find_fast_cwd: WARNING: Couldn't compute FAST_CWD pointer.  Please report this problem to
the public mailing list cygwin@cygwin.com
      0 [main] echo 13888 find_fast_cwd: WARNING: Couldn't compute FAST_CWD pointer.  Please report this problem to
Makefile not up to date.
the public mailing list cygwin@cygwin.com
      0 [main] echo 888 find_fast_cwd: WARNING: Couldn't compute FAST_CWD pointer.  Please report this problem to
../../nios_system.sopcinfo has been modified since the BSP was generated.
the public mailing list cygwin@cygwin.com
      0 [main] echo 13708 find_fast_cwd: WARNING: Couldn't compute FAST_CWD pointer.  Please report this problem to

the public mailing list cygwin@cygwin.com
      0 [main] echo 12952 find_fast_cwd: WARNING: Couldn't compute FAST_CWD pointer.  Please report this problem to
Generate the BSP to update the Makefile, and then build again.
the public mailing list cygwin@cygwin.com
      0 [main] echo 15052 find_fast_cwd: WARNING: Couldn't compute FAST_CWD pointer.  Please report this problem to

the public mailing list cygwin@cygwin.com
      0 [main] echo 9716 find_fast_cwd: WARNING: Couldn't compute FAST_CWD pointer.  Please report this problem to
To generate from Eclipse:
the public mailing list cygwin@cygwin.com
      0 [main] sh 14480 find_fast_cwd: WARNING: Couldn't compute FAST_CWD pointer.  Please report this problem to
the public mailing list cygwin@cygwin.com
 1. Right-click the BSP project.
      0 [main] sh 13572 find_fast_cwd: WARNING: Couldn't compute FAST_CWD pointer.  Please report this problem to
the public mailing list cygwin@cygwin.com
 2. In the Nios II Menu, click Generate BSP.
      0 [main] echo 7020 find_fast_cwd: WARNING: Couldn't compute FAST_CWD pointer.  Please report this problem to

the public mailing list cygwin@cygwin.com
      0 [main] echo 13620 find_fast_cwd: WARNING: Couldn't compute FAST_CWD pointer.  Please report this problem to
To generate from the command line:
the public mailing list cygwin@cygwin.com
      0 [main] sh 5232 find_fast_cwd: WARNING: Couldn't compute FAST_CWD pointer.  Please report this problem to
the public mailing list cygwin@cygwin.com
 nios2-bsp-generate-files --settings=<settings file> --bsp-dir=<target bsp files directory>
      0 [main] echo 14352 find_fast_cwd: WARNING: Couldn't compute FAST_CWD pointer.  Please report this problem to

the public mailing list cygwin@cygwin.com
      0 [main] sh 3560 find_fast_cwd: WARNING: Couldn't compute FAST_CWD pointer.  Please report this problem to
the public mailing list cygwin@cygwin.com
make: *** [public.mk] Error 1

**** Build Finished ****

**** Clean-only build of configuration Nios II for project commInterface ****

make clean 
      0 [main] sh 7540 find_fast_cwd: WARNING: Couldn't compute FAST_CWD pointer.  Please report this problem to
the public mailing list cygwin@cygwin.com
      0 [main] sh 13664 find_fast_cwd: WARNING: Couldn't compute FAST_CWD pointer.  Please report this problem to
the public mailing list cygwin@cygwin.com
      0 [main] rm 4112 find_fast_cwd: WARNING: Couldn't compute FAST_CWD pointer.  Please report this problem to
the public mailing list cygwin@cygwin.com
      0 [main] sh 2628 find_fast_cwd: WARNING: Couldn't compute FAST_CWD pointer.  Please report this problem to
the public mailing list cygwin@cygwin.com
[commInterface clean complete]

**** Build Finished ****

**** Clean-only build of configuration Nios II for project commInterface_bsp ****

make clean 
      0 [main] pwd 5324 find_fast_cwd: WARNING: Couldn't compute FAST_CWD pointer.  Please report this problem to
the public mailing list cygwin@cygwin.com
      0 [main] sh 4276 find_fast_cwd: WARNING: Couldn't compute FAST_CWD pointer.  Please report this problem to
the public mailing list cygwin@cygwin.com
      1 [main] rm 14132 find_fast_cwd: WARNING: Couldn't compute FAST_CWD pointer.  Please report this problem to
the public mailing list cygwin@cygwin.com
      1 [main] sh 15288 find_fast_cwd: WARNING: Couldn't compute FAST_CWD pointer.  Please report this problem to
the public mailing list cygwin@cygwin.com
[BSP clean complete]

**** Build Finished ****

**** Build of configuration Nios II for project commInterface ****

make all 
      0 [main] sh 8244 find_fast_cwd: WARNING: Couldn't compute FAST_CWD pointer.  Please report this problem to
the public mailing list cygwin@cygwin.com
      0 [main] sh 1064 find_fast_cwd: WARNING: Couldn't compute FAST_CWD pointer.  Please report this problem to
the public mailing list cygwin@cygwin.com
      0 [main] echo 7988 find_fast_cwd: WARNING: Couldn't compute FAST_CWD pointer.  Please report this problem to
Info: Building ../commInterface_bsp/
the public mailing list cygwin@cygwin.com
make --no-print-directory -C ../commInterface_bsp/
      0 [main] pwd 4676 find_fast_cwd: WARNING: Couldn't compute FAST_CWD pointer.  Please report this problem to
the public mailing list cygwin@cygwin.com
      0 [main] sh 4256 find_fast_cwd: WARNING: Couldn't compute FAST_CWD pointer.  Please report this problem to
the public mailing list cygwin@cygwin.com
      0 [main] echo 4468 find_fast_cwd: WARNING: Couldn't compute FAST_CWD pointer.  Please report this problem to
Makefile not up to date.
the public mailing list cygwin@cygwin.com
      0 [main] echo 3796 find_fast_cwd: WARNING: Couldn't compute FAST_CWD pointer.  Please report this problem to
../../nios_system.sopcinfo has been modified since the BSP was generated.
the public mailing list cygwin@cygwin.com
      0 [main] echo 980 find_fast_cwd: WARNING: Couldn't compute FAST_CWD pointer.  Please report this problem to

the public mailing list cygwin@cygwin.com
      0 [main] echo 14212 find_fast_cwd: WARNING: Couldn't compute FAST_CWD pointer.  Please report this problem to
Generate the BSP to update the Makefile, and then build again.
the public mailing list cygwin@cygwin.com
      0 [main] echo 13560 find_fast_cwd: WARNING: Couldn't compute FAST_CWD pointer.  Please report this problem to

the public mailing list cygwin@cygwin.com
      0 [main] echo 5932 find_fast_cwd: WARNING: Couldn't compute FAST_CWD pointer.  Please report this problem to
To generate from Eclipse:
the public mailing list cygwin@cygwin.com
      0 [main] sh 2756 find_fast_cwd: WARNING: Couldn't compute FAST_CWD pointer.  Please report this problem to
the public mailing list cygwin@cygwin.com
 1. Right-click the BSP project.
      0 [main] sh 13584 find_fast_cwd: WARNING: Couldn't compute FAST_CWD pointer.  Please report this problem to
the public mailing list cygwin@cygwin.com
 2. In the Nios II Menu, click Generate BSP.
      0 [main] echo 2112 find_fast_cwd: WARNING: Couldn't compute FAST_CWD pointer.  Please report this problem to

the public mailing list cygwin@cygwin.com
      0 [main] echo 15232 find_fast_cwd: WARNING: Couldn't compute FAST_CWD pointer.  Please report this problem to
To generate from the command line:
the public mailing list cygwin@cygwin.com
      0 [main] sh 7204 find_fast_cwd: WARNING: Couldn't compute FAST_CWD pointer.  Please report this problem to
the public mailing list cygwin@cygwin.com
 nios2-bsp-generate-files --settings=<settings file> --bsp-dir=<target bsp files directory>
      0 [main] echo 14032 find_fast_cwd: WARNING: Couldn't compute FAST_CWD pointer.  Please report this problem to

the public mailing list cygwin@cygwin.com
      0 [main] sh 14020 find_fast_cwd: WARNING: Couldn't compute FAST_CWD pointer.  Please report this problem to
the public mailing list cygwin@cygwin.com
make[1]: *** [public.mk] Error 1
make: *** [../commInterface_bsp/-recurs-make-lib] Error 2

**** Build Finished ****

**** Build of configuration Nios II for project commInterface_bsp ****

make all 
      0 [main] pwd 9328 find_fast_cwd: WARNING: Couldn't compute FAST_CWD pointer.  Please report this problem to
the public mailing list cygwin@cygwin.com
      0 [main] sh 10092 find_fast_cwd: WARNING: Couldn't compute FAST_CWD pointer.  Please report this problem to
the public mailing list cygwin@cygwin.com
      0 [main] echo 3644 find_fast_cwd: WARNING: Couldn't compute FAST_CWD pointer.  Please report this problem to
Makefile not up to date.
the public mailing list cygwin@cygwin.com
      0 [main] echo 6108 find_fast_cwd: WARNING: Couldn't compute FAST_CWD pointer.  Please report this problem to
../../nios_system.sopcinfo has been modified since the BSP was generated.
the public mailing list cygwin@cygwin.com
      0 [main] echo 13568 find_fast_cwd: WARNING: Couldn't compute FAST_CWD pointer.  Please report this problem to

the public mailing list cygwin@cygwin.com
      0 [main] echo 14072 find_fast_cwd: WARNING: Couldn't compute FAST_CWD pointer.  Please report this problem to
Generate the BSP to update the Makefile, and then build again.
the public mailing list cygwin@cygwin.com
      0 [main] echo 3196 find_fast_cwd: WARNING: Couldn't compute FAST_CWD pointer.  Please report this problem to

the public mailing list cygwin@cygwin.com
      0 [main] echo 9352 find_fast_cwd: WARNING: Couldn't compute FAST_CWD pointer.  Please report this problem to
To generate from Eclipse:
the public mailing list cygwin@cygwin.com
      0 [main] sh 14184 find_fast_cwd: WARNING: Couldn't compute FAST_CWD pointer.  Please report this problem to
the public mailing list cygwin@cygwin.com
 1. Right-click the BSP project.
      0 [main] sh 13008 find_fast_cwd: WARNING: Couldn't compute FAST_CWD pointer.  Please report this problem to
the public mailing list cygwin@cygwin.com
 2. In the Nios II Menu, click Generate BSP.
      0 [main] echo 2420 find_fast_cwd: WARNING: Couldn't compute FAST_CWD pointer.  Please report this problem to

the public mailing list cygwin@cygwin.com
      0 [main] echo 2628 find_fast_cwd: WARNING: Couldn't compute FAST_CWD pointer.  Please report this problem to
To generate from the command line:
the public mailing list cygwin@cygwin.com
      0 [main] sh 6228 find_fast_cwd: WARNING: Couldn't compute FAST_CWD pointer.  Please report this problem to
the public mailing list cygwin@cygwin.com
 nios2-bsp-generate-files --settings=<settings file> --bsp-dir=<target bsp files directory>
      0 [main] echo 13552 find_fast_cwd: WARNING: Couldn't compute FAST_CWD pointer.  Please report this problem to

the public mailing list cygwin@cygwin.com
      0 [main] sh 10032 find_fast_cwd: WARNING: Couldn't compute FAST_CWD pointer.  Please report this problem to
the public mailing list cygwin@cygwin.com
make: *** [public.mk] Error 1

**** Build Finished ****
